Arguments: 
  C:\node.exe C:\Program Files (x86)\Yarn\bin\yarn.js install

PATH: 
  C:\Program Files (x86)\Common Files\Oracle\Java\javapath;C:\Python312\Scripts\;C:\Python312\;C:\Windows\system32;C:\Windows;C:\Windows\System32\Wbem;C:\Windows\System32\WindowsPowerShell\v1.0\;C:\Windows\System32\OpenSSH\;C:\;C:\ProgramData\chocolatey\bin;C:\Program Files\Git\cmd;C:\Program Files (x86)\Yarn\bin\;C:\Users\Katheryn\AppData\Local\Programs\Python\Python311\Scripts\;C:\Users\Katheryn\AppData\Local\Programs\Python\Python311\;C:\Users\Katheryn\AppData\Local\Microsoft\WindowsApps;C:\Users\Katheryn\AppData\Roaming\npm;C:\Users\Katheryn\AppData\Local\Programs\Microsoft VS Code\bin;C:\Users\Katheryn\AppData\Local\GitHubDesktop\bin;C:\Program Files (x86)\Yarn\;

Yarn version: 
  1.22.19

Node version: 
  21.6.1

Platform: 
  win32 x64

Trace: 
  Error: https://registry.yarnpkg.com/metro-symlink: Not found
      at params.callback [as _callback] (C:\Program Files (x86)\Yarn\lib\cli.js:66145:18)
      at self.callback (C:\Program Files (x86)\Yarn\lib\cli.js:140890:22)
      at Request.emit (node:events:519:28)
      at Request.<anonymous> (C:\Program Files (x86)\Yarn\lib\cli.js:141862:10)
      at Request.emit (node:events:519:28)
      at IncomingMessage.<anonymous> (C:\Program Files (x86)\Yarn\lib\cli.js:141784:12)
      at Object.onceWrapper (node:events:633:28)
      at IncomingMessage.emit (node:events:531:35)
      at endReadableNT (node:internal/streams/readable:1696:12)
      at process.processTicksAndRejections (node:internal/process/task_queues:82:21)

npm manifest: 
  {
    "name": "navegacion",
    "version": "1.0.0",
    "main": "node_modules/expo/AppEntry.js",
    "scripts": {
      "start": "expo start",
      "android": "expo start --android",
      "ios": "expo start --ios",
      "web": "expo start --web"
    },
    "dependencies": {
      "@expo/webpack-config": "^0.12.52",
      "metro": "0.64.0",
      "metro-react-native-babel-preset": "0.66.2",
      "metro-symlink": "0.64.0",
      "@react-native-async-storage/async-storage": "^1.21.0",
      "@react-native-community/masked-view": "^0.1.11",
      "@react-navigation/bottom-tabs": "^6.5.12",
      "@react-navigation/drawer": "^6.6.7",
      "@react-navigation/elements": "^1.3.22",
      "@react-navigation/native": "^6.1.10",
      "@react-navigation/stack": "^6.3.21",
      "ansi-html": "^0.0.9",
      "browserslist": "^4.22.3",
      "expo": "^49.0.22",
      "expo-status-bar": "~1.11.1",
      "glob-parent": "^6.0.2",
      "global": "^4.4.0",
      "hoek": "^6.1.3",
      "immer": "^10.0.3",
      "ip": "^1.1.8",
      "loader-utils": "^3.2.1",
      "mini-css-extract-plugin": "^2.8.0",
      "minimatch": "^9.0.3",
      "nth-check": "^2.1.1",
      "postcss": "^8.4.35",
      "react": "18.2.0",
      "react-dom": "18.2.0",
      "react-native": "^0.68.7",
      "react-native-cli": "^2.0.1",
      "react-native-elements": "^3.4.3",
      "react-native-gesture-handler": "^2.15.0",
      "react-native-reanimated": "^3.7.0",
      "react-native-render-html": "^6.3.4",
      "react-native-safe-area-context": "^4.8.2",
      "react-native-screens": "^3.29.0",
      "react-native-web": "~0.19.6",
      "react-navigation": "^5.0.0",
      "semver": "^7.6.0",
      "shell-quote": "^1.8.1",
      "xml2js": "^0.6.2"
    },
    "devDependencies": {
      "@babel/core": "^7.20.0"
    },
    "private": true
  }

yarn manifest: 
  No manifest

Lockfile: 
  No lockfile
